<?xml version="1.0" encoding="UTF-8"?>
<testng-results ignored="1" total="2" passed="1" failed="0" skipped="0">
  <reporter-output>
  </reporter-output>
  <suite started-at="2019-05-15T11:54:43Z" name="Selenium-e2e-framework" finished-at="2019-05-15T11:54:43Z" duration-ms="69">
    <groups>
    </groups>
    <test started-at="2019-05-15T11:54:43Z" name="testngTest" finished-at="2019-05-15T11:54:43Z" duration-ms="69">
      <class name="com.company.app.myApp.AppTest">
        <test-method signature="check()[pri:0, instance:com.company.app.myApp.AppTest@282003e1]" started-at="2019-05-15T11:54:43Z" name="check" finished-at="2019-05-15T11:54:43Z" duration-ms="25" status="PASS">
          <reporter-output>
          </reporter-output>
        </test-method> <!-- check -->
      </class> <!-- com.company.app.myApp.AppTest -->
    </test> <!-- testngTest -->
  </suite> <!-- Selenium-e2e-framework -->
</testng-results>
